<?xml version="1.0" encoding="UTF-8"?>
<!-- Generated by org.testng.reporters.JUnitReportReporter -->
<testsuite hostname="LAPTOP-N6PADTDN" failures="0" tests="2" name="testsuite.ExecutionSuite_GetWeather" time="15.950" errors="0" timestamp="2022-01-12T20:21:55 IST" skipped="0">
  <testcase classname="testsuite.ExecutionSuite_GetWeather" name="getTempFrAPI" time="2.446"/>
  <system-out/>
  <testcase classname="testsuite.ExecutionSuite_GetWeather" name="getTempFrUI" time="13.504"/>
  <system-out/>
</testsuite> <!-- testsuite.ExecutionSuite_GetWeather -->
