<?xml version="1.0" encoding="UTF-8"?>
<!-- Generated by org.testng.reporters.JUnitReportReporter -->
<testsuite hostname="LAPTOP-N6PADTDN" failures="0" tests="1" name="testsuite.ExecutionSuite_GetWeather" time="13.083" errors="0" timestamp="2022-01-12T12:04:19 IST" skipped="0">
  <testcase classname="testsuite.ExecutionSuite_GetWeather" name="getTemp" time="13.083"/>
  <system-out/>
</testsuite> <!-- testsuite.ExecutionSuite_GetWeather -->
